[BID] 100.1 x 300
[Market] Best Bid: 100.1 x 300
[ASK] 100.2 x 250
[Market] Best Ask: 100.2 x 250
[Order] Placed SELL order at 100.2 x 30 (ID = 1)
[BID] 100.15 x 200
[Market] Best Bid: 100.15 x 200
[ASK] 100.18 x 100
[Market] Best Ask: 100.18 x 100
[ASK] 100.18 x 60
[Market] Best Ask: 100.18 x 60
[BID] 100.1 x 0
[Market] Best Bid: 100.15 x 200
[ASK] 100.18 x 30
[Market] Best Ask: 100.18 x 30
[ASK] 100.18 x 0
[Market] Best Ask: 100.2 x 250
[ASK] 100.25 x 200
[Market] Best Ask: 100.2 x 250
[EXECUTION] Order 1 filled: 10
[Execution] Order 1 filled: 10
[Order] Order 1 partially filled: 10 / 30
[EXECUTION] Order 1 filled: 20
[Execution] Order 1 filled: 20
[Order] Order 1 completed (30 / 30) and removed
[BID] 100.17 x 100
[Market] Best Bid: 100.17 x 100
[Order] Placed BUY order at 100.17 x 100 (ID = 2)
[EXECUTION] Order 2 filled: 50
[Execution] Order 2 filled: 50
[Order] Order 2 partially filled: 50 / 100
[BID] 100.15 x 100
[Market] Best Bid: 100.17 x 100
[ASK] 100.22 x 150
[Market] Best Ask: 100.2 x 250
[EXECUTION] Order 2 filled: 50
[Execution] Order 2 filled: 50
[Order] Order 2 completed (100 / 100) and removed
[BID] 100.2 x 300
[Market] Best Bid: 100.2 x 300
[ASK] 100.23 x 100
[Market] Best Ask: 100.2 x 250

[Active Orders]
